time="2022-11-15T16:36:09+03:00" level=info func="main.main()" file="app.go:22"
time="2022-11-15T16:36:43+03:00" level=info msg="create router" func="main.main()" file="app.go:22"
time="2022-11-15T16:41:29+03:00" level=info msg="create router" func="main.main()" file="app.go:22"
time="2022-11-15T16:43:08+03:00" level=info msg="create router" func="main.main()" file="app.go:22"
time="2022-11-15T16:43:08+03:00" level=info msg="create router" func="main.main()" file="app.go:23"
time="2022-11-15T16:43:08+03:00" level=info msg="start application" func="main.start()" file="app.go:34"
time="2022-11-15T16:43:08+03:00" level=info msg="server listening port 0.0.0.0:7566" func="main.start()" file="app.go:46"
time="2022-11-15T20:51:59+03:00" level=info msg="create router" func="main.main()" file="app.go:24"
time="2022-11-15T20:51:59+03:00" level=info msg="create router" func="main.main()" file="app.go:25"
time="2022-11-15T20:51:59+03:00" level=info msg="read config" func="avito/internal/config.GetConfig.func1()" file="config.go:32"
time="2022-11-15T20:51:59+03:00" level=info msg="start application" func="main.start()" file="app.go:37"
time="2022-11-15T20:51:59+03:00" level=info msg="connection 10000 port" func="main.start()" file="app.go:39"
time="2022-11-15T20:59:08+03:00" level=info msg="create router" func="main.main()" file="app.go:24"
time="2022-11-15T20:59:08+03:00" level=info msg="create router" func="main.main()" file="app.go:25"
time="2022-11-15T20:59:08+03:00" level=info msg="read config" func="avito/internal/config.GetConfig.func1()" file="config.go:32"
time="2022-11-15T20:59:08+03:00" level=info msg="start application" func="main.start()" file="app.go:37"
time="2022-11-15T20:59:08+03:00" level=info msg="connection 7566 port" func="main.start()" file="app.go:39"
time="2022-11-15T20:59:47+03:00" level=info msg="create router" func="main.main()" file="app.go:24"
time="2022-11-15T20:59:47+03:00" level=info msg="create router" func="main.main()" file="app.go:25"
time="2022-11-15T20:59:47+03:00" level=info msg="read config" func="avito/internal/config.GetConfig.func1()" file="config.go:32"
time="2022-11-15T20:59:47+03:00" level=info msg="start application" func="main.start()" file="app.go:37"
time="2022-11-15T20:59:47+03:00" level=info msg="connection 7566 port" func="main.start()" file="app.go:39"
time="2022-11-15T21:02:06+03:00" level=info msg="create router" func="main.main()" file="app.go:24"
time="2022-11-15T21:02:06+03:00" level=info msg="create router" func="main.main()" file="app.go:25"
time="2022-11-15T21:02:06+03:00" level=info msg="read config" func="avito/internal/config.GetConfig.func1()" file="config.go:32"
time="2022-11-15T21:02:06+03:00" level=info msg="start application" func="main.start()" file="app.go:37"
time="2022-11-15T21:02:06+03:00" level=info msg="connection 127.0.0.0, 7566 port" func="main.start()" file="app.go:39"
time="2022-11-15T21:04:11+03:00" level=info msg="create router" func="main.main()" file="app.go:24"
time="2022-11-15T21:04:11+03:00" level=info msg="create router" func="main.main()" file="app.go:25"
time="2022-11-15T21:04:11+03:00" level=info msg="read config" func="avito/internal/config.GetConfig.func1()" file="config.go:32"
time="2022-11-15T21:04:11+03:00" level=info msg="start application" func="main.start()" file="app.go:37"
time="2022-11-15T21:04:11+03:00" level=info msg="connection 127.0.0.1, 7566 port" func="main.start()" file="app.go:39"
time="2022-11-15T21:04:57+03:00" level=info msg="create router" func="main.main()" file="app.go:24"
time="2022-11-15T21:04:57+03:00" level=info msg="create router" func="main.main()" file="app.go:25"
time="2022-11-15T21:04:57+03:00" level=info msg="read config" func="avito/internal/config.GetConfig.func1()" file="config.go:32"
time="2022-11-15T21:04:57+03:00" level=info msg="start application" func="main.start()" file="app.go:37"
time="2022-11-15T21:04:57+03:00" level=info msg="connection 127.0.0.1, 8085 port" func="main.start()" file="app.go:39"
time="2022-11-15T21:14:37+03:00" level=info msg="create router" func="main.main()" file="app.go:24"
time="2022-11-15T21:14:37+03:00" level=info msg="read config" func="avito/internal/config.GetConfig.func1()" file="config.go:32"
time="2022-11-15T21:14:37+03:00" level=info msg="start application" func="main.start()" file="app.go:36"
time="2022-11-15T21:14:37+03:00" level=info msg="connection 0.0.0.0, 8085 port" func="main.start()" file="app.go:38"
time="2022-11-15T21:14:37+03:00" level=info msg="server listening port 0.0.0.0,8085" func="main.start()" file="app.go:50"
time="2022-11-15T21:16:33+03:00" level=info msg="create router" func="main.main()" file="app.go:24"
time="2022-11-15T21:16:33+03:00" level=info msg="read config" func="avito/internal/config.GetConfig.func1()" file="config.go:32"
time="2022-11-15T21:16:33+03:00" level=info msg="start application" func="main.start()" file="app.go:36"
time="2022-11-15T21:16:33+03:00" level=info msg="connection 0.0.0.0, 8085 port" func="main.start()" file="app.go:38"
time="2022-11-15T21:16:33+03:00" level=info msg="connect true" func="main.start()" file="app.go:44"
time="2022-11-15T21:16:33+03:00" level=info msg="server listening port 0.0.0.0,8085" func="main.start()" file="app.go:52"
time="2022-11-15T21:19:00+03:00" level=info msg="create router" func="main.main()" file="app.go:24"
time="2022-11-15T21:19:00+03:00" level=info msg="read config" func="avito/internal/config.GetConfig.func1()" file="config.go:32"
time="2022-11-15T21:19:00+03:00" level=info msg="start application" func="main.start()" file="app.go:36"
time="2022-11-15T21:19:00+03:00" level=info msg="connection 0.0.0.0, 8085 port" func="main.start()" file="app.go:38"
time="2022-11-15T21:19:00+03:00" level=info msg="connect true" func="main.start()" file="app.go:44"
time="2022-11-15T21:19:00+03:00" level=info msg="server listening port 0.0.0.0,8085" func="main.start()" file="app.go:53"
time="2022-11-16T22:51:48+03:00" level=info msg="create router" func="main.main()" file="app.go:34"
time="2022-11-16T22:54:07+03:00" level=info msg="create router" func="main.main()" file="app.go:32"
time="2022-11-16T22:54:07+03:00" level=fatal msg="error do with tries database" func="main.main()" file="app.go:40"
time="2022-11-16T22:56:55+03:00" level=info msg="create router" func="main.main()" file="app.go:30"
time="2022-11-16T22:56:55+03:00" level=fatal msg="error do with tries database" func="main.main()" file="app.go:40"
time="2022-11-16T22:57:13+03:00" level=info msg="create router" func="main.main()" file="app.go:30"
time="2022-11-16T22:57:13+03:00" level=fatal msg="error do with tries database" func="main.main()" file="app.go:40"
time="2022-11-17T09:37:55+03:00" level=info msg="create router" func="main.main()" file="app.go:30"
time="2022-11-17T09:37:55+03:00" level=fatal msg="error do with tries database" func="main.main()" file="app.go:40"
time="2022-11-17T09:38:56+03:00" level=info msg="create router" func="main.main()" file="app.go:33"
time="2022-11-17T09:38:56+03:00" level=fatal msg="error do with tries database failed to connect to `host=localhost user=postgres database=test_avito `: server error (\xc2\xc0\xc6\xcd\xce: \xe1\xe0\xe7\xe0 \xe4\xe0\xed\xed\xfb\xf5 \"test_avito \" \xed\xe5 \xf1\xf3\xf9\xe5\xf1\xf2\xe2\xf3\xe5\xf2 (SQLSTATE 3D000))" func="main.main()" file="app.go:40"
time="2022-11-17T09:42:08+03:00" level=info msg="create router" func="main.main()" file="app.go:33"
time="2022-11-17T10:44:38+03:00" level=info msg="create router" func="main.main()" file="app.go:33"
time="2022-11-17T10:52:51+03:00" level=info msg="create router" func="main.main()" file="app.go:33"
time="2022-11-17T11:22:12+03:00" level=info msg="create router" func="main.main()" file="app.go:24"
time="2022-11-17T11:34:51+03:00" level=info msg="create router" func="main.main()" file="app.go:24"
time="2022-11-17T11:36:09+03:00" level=info msg="create router" func="main.main()" file="app.go:24"
time="2022-11-17T11:46:16+03:00" level=info msg="create router" func="main.main()" file="app.go:24"
time="2022-11-17T12:39:44+03:00" level=info msg="create router" func="main.main()" file="app.go:24"
time="2022-11-17T12:39:45+03:00" level=fatal msg="error do with tries database failed to connect to `host=localhost user=postgres database=test_avito`: server error (\xc2\xc0\xc6\xcd\xce: \xe1\xe0\xe7\xe0 \xe4\xe0\xed\xed\xfb\xf5 \"test_avito\" \xed\xe5 \xf1\xf3\xf9\xe5\xf1\xf2\xe2\xf3\xe5\xf2 (SQLSTATE 3D000))" func="main.main()" file="app.go:30"
time="2022-11-17T12:40:02+03:00" level=info msg="create router" func="main.main()" file="app.go:24"
time="2022-11-17T12:42:03+03:00" level=info msg="create router" func="main.main()" file="app.go:24"
time="2022-11-17T12:47:25+03:00" level=info msg="create router" func="main.main()" file="app.go:24"
time="2022-11-17T12:51:12+03:00" level=info msg="create router" func="main.main()" file="app.go:24"
time="2022-11-17T12:55:49+03:00" level=info msg="create router" func="main.main()" file="app.go:24"
time="2022-11-17T12:56:06+03:00" level=info msg="create router" func="main.main()" file="app.go:24"
time="2022-11-17T13:01:49+03:00" level=info msg="create router" func="main.main()" file="app.go:24"
time="2022-11-17T13:02:40+03:00" level=info msg="create router" func="main.main()" file="app.go:24"
time="2022-11-17T13:03:33+03:00" level=info msg="create router" func="main.main()" file="app.go:24"
time="2022-11-17T13:55:23+03:00" level=info msg="create router" func="main.main()" file="app.go:24"
time="2022-11-17T14:02:49+03:00" level=info msg="create router" func="main.main()" file="app.go:24"
time="2022-11-17T14:05:58+03:00" level=info msg="create router" func="main.main()" file="app.go:24"
time="2022-11-17T14:06:20+03:00" level=info msg="create router" func="main.main()" file="app.go:24"
time="2022-11-17T14:15:54+03:00" level=info msg="create router" func="main.main()" file="app.go:24"
time="2022-11-17T14:22:24+03:00" level=info msg="create router" func="main.main()" file="app.go:24"
time="2022-11-17T14:35:17+03:00" level=info msg="create router" func="main.main()" file="app.go:24"
time="2022-11-17T14:37:06+03:00" level=info msg="create router" func="main.main()" file="app.go:24"
time="2022-11-17T14:41:51+03:00" level=info msg="create router" func="main.main()" file="app.go:24"
time="2022-11-17T14:52:03+03:00" level=info msg="create router" func="main.main()" file="app.go:24"
time="2022-11-17T14:57:55+03:00" level=info msg="create router" func="main.main()" file="app.go:24"
time="2022-11-17T14:58:28+03:00" level=info msg="create router" func="main.main()" file="app.go:24"
time="2022-11-17T15:02:40+03:00" level=info msg="create router" func="main.main()" file="app.go:24"
time="2022-11-17T15:05:26+03:00" level=info msg="create router" func="main.main()" file="app.go:24"
time="2022-11-17T15:34:48+03:00" level=info msg="create router" func="main.main()" file="app.go:24"
time="2022-11-17T16:14:32+03:00" level=info msg="create router" func="main.main()" file="app.go:24"
time="2022-11-17T16:16:16+03:00" level=info msg="create router" func="main.main()" file="app.go:24"
time="2022-11-17T16:17:38+03:00" level=info msg="create router" func="main.main()" file="app.go:24"
time="2022-11-17T16:20:06+03:00" level=info msg="create router" func="main.main()" file="app.go:24"
time="2022-11-17T16:23:26+03:00" level=info msg="create router" func="main.main()" file="app.go:24"
time="2022-11-17T16:39:20+03:00" level=info msg="create router" func="main.main()" file="app.go:24"
time="2022-11-17T20:40:05+03:00" level=info msg="create router" func="main.main()" file="app.go:16"
time="2022-11-17T20:56:53+03:00" level=info msg="create router" func="main.main()" file="app.go:16"
time="2022-11-17T21:11:41+03:00" level=info msg="create router" func="main.main()" file="app.go:16"
time="2022-11-17T21:12:27+03:00" level=info msg="create router" func="main.main()" file="app.go:16"
time="2022-11-17T21:18:50+03:00" level=info msg="create router" func="main.main()" file="app.go:16"
time="2022-11-17T21:20:10+03:00" level=info msg="create router" func="main.main()" file="app.go:16"
time="2022-11-17T21:21:20+03:00" level=info msg="create router" func="main.main()" file="app.go:16"
time="2022-11-17T21:21:51+03:00" level=info msg="create router" func="main.main()" file="app.go:16"
time="2022-11-17T21:56:45+03:00" level=info msg="create router" func="main.main()" file="app.go:16"
time="2022-11-18T09:25:59+03:00" level=info msg="create router" func="main.main()" file="app.go:16"
time="2022-11-18T10:34:02+03:00" level=info msg="create router" func="main.main()" file="app.go:16"
time="2022-11-18T10:39:08+03:00" level=info msg="create router" func="main.main()" file="app.go:16"
time="2022-11-18T10:53:19+03:00" level=info msg="create router" func="main.main()" file="app.go:16"
time="2022-11-18T11:04:41+03:00" level=info msg="create router" func="main.main()" file="app.go:16"
time="2022-11-18T11:30:51+03:00" level=info msg="create router" func="main.main()" file="app.go:16"
time="2022-11-18T11:35:00+03:00" level=info msg="create router" func="main.main()" file="app.go:16"
time="2022-11-18T11:39:58+03:00" level=info msg="create router" func="main.main()" file="app.go:16"
time="2022-11-18T12:42:00+03:00" level=info msg="create router" func="main.main()" file="app.go:16"
time="2022-11-18T16:34:52+03:00" level=info msg="create router" func="main.main()" file="app.go:20"
time="2022-11-18T16:36:15+03:00" level=info msg="create router" func="main.main()" file="app.go:20"
